2026-02-14 16:44:37 | INFO     | ========================================
2026-02-14 16:44:37 | INFO     | Starting Module 2 — Quantitative Engine
2026-02-14 16:44:37 | INFO     | ========================================
2026-02-14 16:44:37 | INFO     | STEP 1 — Registering Atlas to Subject
2026-02-14 16:44:37 | INFO     | Loading subject (T0)...
2026-02-14 16:44:37 | INFO     | Loading MNI template...
2026-02-14 16:44:37 | INFO     | Running antsRegistrationSyNQuick[s] (MNI -> Subject)...
2026-02-14 16:44:54 | INFO     | Registration completed in 0.29 minutes
2026-02-14 16:44:54 | INFO     | Saving transforms...
2026-02-14 16:44:54 | INFO     | Saved forward transform: mni_to_subject_fwd_0.nii.gz
2026-02-14 16:44:54 | INFO     | Saved forward transform: mni_to_subject_fwd_1.mat
2026-02-14 16:44:54 | INFO     | Saved inverse transform: subject_to_mni_inv_0.mat
2026-02-14 16:44:54 | INFO     | Saved inverse transform: subject_to_mni_inv_1.nii.gz
2026-02-14 16:44:54 | INFO     | Warping cortical atlas...
2026-02-14 16:44:55 | INFO     | Warping subcortical atlas...
2026-02-14 16:44:55 | INFO     | Atlas registration complete.
2026-02-14 16:44:55 | INFO     | STEP 2 — Computing ROI Metrics
2026-02-14 16:44:55 | INFO     | Loading Jacobian map...
2026-02-14 16:44:55 | INFO     | Loading warped cortical atlas...
2026-02-14 16:44:55 | INFO     | Loading warped subcortical atlas...
2026-02-14 16:44:55 | INFO     | Loading ROI configuration...
2026-02-14 16:44:55 | INFO     | Validating ROI label exclusivity within each atlas...
2026-02-14 16:44:55 | INFO     | hippocampus: -1.592%/year | Voxels=7979
2026-02-14 16:44:55 | INFO     | entorhinal_cortex: -5.320%/year | Voxels=7437
2026-02-14 16:44:56 | INFO     | temporal_lobe: -1.523%/year | Voxels=117375
2026-02-14 16:44:56 | INFO     | parietal_lobe: -0.457%/year | Voxels=58912
2026-02-14 16:44:56 | INFO     | ventricles: 0.331%/year | Voxels=14017
2026-02-14 16:44:56 | INFO     | STEP 3 — Computing Z-Scores
2026-02-14 16:44:56 | INFO     | Loading normative reference data...
2026-02-14 16:44:56 | INFO     | hippocampus: Z=-0.490
2026-02-14 16:44:56 | INFO     | entorhinal_cortex: Z=-3.600
2026-02-14 16:44:56 | INFO     | temporal_lobe: Z=-1.033
2026-02-14 16:44:56 | INFO     | parietal_lobe: Z=0.239
2026-02-14 16:44:56 | INFO     | ventricles: Z=-1.169
2026-02-14 16:44:56 | INFO     | STEP 4 — Classifying Progression
2026-02-14 16:44:56 | INFO     | Final classification: Normal Progression | Score=1
2026-02-14 16:44:56 | INFO     | STEP 5A — Exporting Deterministic T1 Axial Slice
2026-02-14 16:44:56 | INFO     | STEP 5B — Building Intelligence Payload
2026-02-14 16:44:56 | INFO     | Validating Step 2 output...
2026-02-14 16:44:56 | INFO     | Validating Step 3 output...
2026-02-14 16:44:56 | INFO     | Validating Step 4 output...
2026-02-14 16:44:56 | INFO     | Validating context images...
2026-02-14 16:44:56 | INFO     | Step 5 intelligence payload constructed successfully.
2026-02-14 16:44:56 | INFO     | STEP 6 — Running MedGemma Multi-Stage Reasoning
2026-02-14 16:44:56 | INFO     | Initializing Global MedGemma Client (Singleton)...
2026-02-14 16:44:56 | INFO     | Loading MedGemma (4-bit NF4)...
2026-02-14 16:46:01 | INFO     | {'stage': 'stage1', 'duration_sec': 48.5, 'tokens': 124, 'ram_pre_mb': 10317.7, 'ram_post_mb': 10366.59, 'gpu_pre': {'allocated_mb': 6053.08, 'reserved_mb': 6066.0, 'total_mb': 8150.56}, 'gpu_post': {'allocated_mb': 6053.08, 'reserved_mb': 6166.0, 'total_mb': 8150.56}}
2026-02-14 16:46:33 | INFO     | {'stage': 'stage2', 'duration_sec': 31.61, 'tokens': 80, 'ram_pre_mb': 10468.53, 'ram_post_mb': 10555.23, 'gpu_pre': {'allocated_mb': 6071.46, 'reserved_mb': 6166.0, 'total_mb': 8150.56}, 'gpu_post': {'allocated_mb': 6072.47, 'reserved_mb': 6248.0, 'total_mb': 8150.56}}
2026-02-14 16:47:25 | INFO     | {'stage': 'stage3', 'duration_sec': 52.71, 'tokens': 145, 'ram_pre_mb': 10556.29, 'ram_post_mb': 10527.57, 'gpu_pre': {'allocated_mb': 6054.08, 'reserved_mb': 6248.0, 'total_mb': 8150.56}, 'gpu_post': {'allocated_mb': 6054.08, 'reserved_mb': 6180.0, 'total_mb': 8150.56}}
2026-02-14 16:51:00 | INFO     | {'stage': 'stage4', 'duration_sec': 214.23, 'tokens': 554, 'ram_pre_mb': 10528.76, 'ram_post_mb': 10527.23, 'gpu_pre': {'allocated_mb': 6054.09, 'reserved_mb': 6180.0, 'total_mb': 8150.56}, 'gpu_post': {'allocated_mb': 6054.1, 'reserved_mb': 6246.0, 'total_mb': 8150.56}}
2026-02-14 16:51:00 | INFO     | Module 2 completed successfully.
2026-02-14 16:51:00 | INFO     | ========================================
