2026-02-13 12:11:01 | INFO     | Loading T0 image...
2026-02-13 12:11:01 | INFO     | Loading MNI atlas...
2026-02-13 12:11:22 | INFO     | Loading T0 image...
2026-02-13 12:11:22 | INFO     | Loading MNI atlas...
2026-02-13 12:11:23 | INFO     | Applying transform to atlas labels (nearest neighbor)...
2026-02-13 12:11:23 | INFO     | Atlas saved to module2\output\atlas_subject.nii.gz
2026-02-13 12:11:23 | INFO     | Loading Jacobian map...
2026-02-13 12:11:23 | INFO     | Loading warped atlas...
2026-02-13 12:11:23 | INFO     | Loading ROI configuration...
2026-02-13 12:13:38 | INFO     | Loading T0 image...
2026-02-13 12:13:38 | INFO     | Loading MNI atlas...
2026-02-13 12:13:39 | INFO     | Applying transform to atlas labels (nearest neighbor)...
2026-02-13 12:13:39 | INFO     | Atlas saved to module2\output\atlas_subject.nii.gz
2026-02-13 12:13:39 | INFO     | Loading Jacobian map...
2026-02-13 12:13:39 | INFO     | Loading warped atlas...
2026-02-13 12:13:39 | INFO     | Loading ROI configuration...
2026-02-13 12:13:39 | INFO     | hippocampus: -1.265%/year | Voxels=4177
2026-02-13 12:13:39 | INFO     | ventricles: 0.167%/year | Voxels=12478
2026-02-13 12:13:39 | INFO     | Loading normative reference data...
2026-02-13 12:13:39 | INFO     | hippocampus: Z=-0.108
2026-02-13 12:13:39 | INFO     | ventricles: Z=-1.666
2026-02-13 12:13:39 | INFO     | Final classification: Normal Progression | Score=0
2026-02-13 12:13:39 | INFO     | Module 2 completed successfully.
