2026-02-16 15:23:16 | INFO     | ========================================
2026-02-16 15:23:16 | INFO     | Starting Module 2 — Quantitative Engine
2026-02-16 15:23:16 | INFO     | ========================================
2026-02-16 15:23:16 | INFO     | STEP 1 — Registering Atlas to Subject
2026-02-16 15:23:16 | INFO     | Loading subject (T0)...
2026-02-16 15:23:16 | INFO     | Loading MNI template...
2026-02-16 15:23:16 | INFO     | Running antsRegistrationSyNQuick[s] (MNI -> Subject)...
2026-02-16 15:23:29 | INFO     | Registration completed in 0.23 minutes
2026-02-16 15:23:29 | INFO     | Saving transforms...
2026-02-16 15:23:29 | INFO     | Saved forward transform: mni_to_subject_fwd_0.nii.gz
2026-02-16 15:23:29 | INFO     | Saved forward transform: mni_to_subject_fwd_1.mat
2026-02-16 15:23:29 | INFO     | Saved inverse transform: subject_to_mni_inv_0.mat
2026-02-16 15:23:30 | INFO     | Saved inverse transform: subject_to_mni_inv_1.nii.gz
2026-02-16 15:23:30 | INFO     | Warping cortical atlas...
2026-02-16 15:23:30 | INFO     | Warping subcortical atlas...
2026-02-16 15:23:30 | INFO     | Atlas registration complete.
2026-02-16 15:23:30 | INFO     | STEP 2 — Computing ROI Metrics
2026-02-16 15:23:30 | INFO     | Loading Jacobian map...
2026-02-16 15:23:30 | INFO     | Loading warped cortical atlas...
2026-02-16 15:23:30 | INFO     | Loading warped subcortical atlas...
2026-02-16 15:23:30 | INFO     | Loading ROI configuration...
2026-02-16 15:23:30 | INFO     | Validating ROI label exclusivity within each atlas...
2026-02-16 15:23:30 | INFO     | hippocampus: -0.145%/year | Voxels=9346
2026-02-16 15:23:30 | INFO     | entorhinal_cortex: -1.101%/year | Voxels=6733
2026-02-16 15:23:30 | INFO     | temporal_lobe: 0.024%/year | Voxels=111565
2026-02-16 15:23:31 | INFO     | parietal_lobe: -0.684%/year | Voxels=54917
2026-02-16 15:23:31 | INFO     | ventricles: 13.180%/year | Voxels=17244
2026-02-16 15:23:31 | INFO     | STEP 3 — Computing Z-Scores
2026-02-16 15:23:31 | INFO     | Loading normative reference data...
2026-02-16 15:23:31 | INFO     | hippocampus: Z=1.319
2026-02-16 15:23:31 | INFO     | entorhinal_cortex: Z=-0.084
2026-02-16 15:23:31 | INFO     | temporal_lobe: Z=1.177
2026-02-16 15:23:31 | INFO     | parietal_lobe: Z=-0.139
2026-02-16 15:23:31 | INFO     | ventricles: Z=11.680
2026-02-16 15:23:31 | INFO     | STEP 4 — Classifying Progression
2026-02-16 15:23:31 | INFO     | Final classification: Normal Progression | Score=1
2026-02-16 15:23:31 | INFO     | STEP 5A — Exporting Deterministic T1 Axial Slice
2026-02-16 15:23:31 | INFO     | STEP 5B — Building Intelligence Payload
2026-02-16 15:23:31 | INFO     | Validating Step 2 output...
2026-02-16 15:23:31 | INFO     | Validating Step 3 output...
2026-02-16 15:23:31 | INFO     | Validating Step 4 output...
2026-02-16 15:23:31 | INFO     | Validating context images...
2026-02-16 15:23:31 | INFO     | Step 5 intelligence payload constructed successfully.
2026-02-16 15:23:31 | INFO     | STEP 6 — Running MedGemma Multi-Stage Reasoning
2026-02-16 15:23:31 | INFO     | Initializing Global MedGemma Client (Singleton)...
2026-02-16 15:23:31 | INFO     | Loading MedGemma (4-bit NF4)...
2026-02-16 15:24:56 | INFO     | {'stage': 'stage1', 'duration_sec': 64.82, 'tokens': 194, 'ram_pre_mb': 10325.38, 'ram_post_mb': 10374.98, 'gpu_pre': {'allocated_mb': 6053.08, 'reserved_mb': 6066.0, 'total_mb': 8150.56}, 'gpu_post': {'allocated_mb': 6053.08, 'reserved_mb': 6190.0, 'total_mb': 8150.56}}
2026-02-16 15:25:28 | INFO     | {'stage': 'stage2', 'duration_sec': 32.39, 'tokens': 96, 'ram_pre_mb': 10497.18, 'ram_post_mb': 10577.58, 'gpu_pre': {'allocated_mb': 6071.47, 'reserved_mb': 6190.0, 'total_mb': 8150.56}, 'gpu_post': {'allocated_mb': 6072.48, 'reserved_mb': 6242.0, 'total_mb': 8150.56}}
2026-02-16 15:26:34 | INFO     | {'stage': 'stage3', 'duration_sec': 65.41, 'tokens': 215, 'ram_pre_mb': 10551.16, 'ram_post_mb': 10550.15, 'gpu_pre': {'allocated_mb': 6054.08, 'reserved_mb': 6242.0, 'total_mb': 8150.56}, 'gpu_post': {'allocated_mb': 6054.09, 'reserved_mb': 6200.0, 'total_mb': 8150.56}}
2026-02-16 15:29:49 | INFO     | {'stage': 'stage4', 'duration_sec': 195.44, 'tokens': 626, 'ram_pre_mb': 10551.36, 'ram_post_mb': 10551.23, 'gpu_pre': {'allocated_mb': 6054.09, 'reserved_mb': 6200.0, 'total_mb': 8150.56}, 'gpu_post': {'allocated_mb': 6054.1, 'reserved_mb': 6230.0, 'total_mb': 8150.56}}
2026-02-16 15:29:49 | INFO     | Module 2 completed successfully.
2026-02-16 15:29:49 | INFO     | ========================================
